<?xml version="1.0" encoding="UTF-8"?>
<!-- Generated by org.testng.reporters.JUnitXMLReporter -->
<testsuite hostname="DESKTOP-3JCFK64" ignored="0" name="Elearning test" tests="1" failures="1" timestamp="07 Mar 2020 16:22:30 GMT" time="41.339" errors="0">
  <testcase name="validLoginTest" time="22.337" classname="com.elearning.test.ELTC_007">
    <failure type="java.lang.NullPointerException">
      <![CDATA[java.lang.NullPointerException
	at org.openqa.selenium.support.pagefactory.internal.LocatingElementHandler.invoke(LocatingElementHandler.java:51)
	at com.sun.proxy.$Proxy10.click(Unknown Source)
	at Project.Createacourse.clickIcon(Createacourse.java:188)
	at com.elearning.test.ELTC_007.validLoginTest(ELTC_007.java:62)
... Removed 29 stack frames]]>
    </failure>
  </testcase> <!-- validLoginTest -->
</testsuite> <!-- Elearning test -->
