<?xml version="1.0" encoding="UTF-8"?>
<testng-results skipped="0" failed="0" ignored="0" total="1" passed="1">
  <reporter-output>
  </reporter-output>
  <suite name="Default suite" duration-ms="32783" started-at="2020-03-05T04:40:37Z" finished-at="2020-03-05T04:41:10Z">
    <groups>
    </groups>
    <test name="Default test" duration-ms="32783" started-at="2020-03-05T04:40:37Z" finished-at="2020-03-05T04:41:10Z">
      <class name="com.elearning.test.ELTC_007">
        <test-method status="PASS" signature="setUpBeforeClass()[pri:0, instance:com.elearning.test.ELTC_007@724af044]" name="setUpBeforeClass" is-config="true" duration-ms="13" started-at="2020-03-05T10:10:37Z" finished-at="2020-03-05T10:10:37Z">
          <reporter-output>
          </reporter-output>
        </test-method> <!-- setUpBeforeClass -->
        <test-method status="PASS" signature="setUp()[pri:0, instance:com.elearning.test.ELTC_007@724af044]" name="setUp" is-config="true" duration-ms="14675" started-at="2020-03-05T10:10:37Z" finished-at="2020-03-05T10:10:52Z">
          <reporter-output>
          </reporter-output>
        </test-method> <!-- setUp -->
        <test-method status="PASS" signature="validLoginTest()[pri:0, instance:com.elearning.test.ELTC_007@724af044]" name="validLoginTest" duration-ms="16178" started-at="2020-03-05T10:10:52Z" finished-at="2020-03-05T10:11:08Z">
          <reporter-output>
          </reporter-output>
        </test-method> <!-- validLoginTest -->
        <test-method status="PASS" signature="tearDown()[pri:0, instance:com.elearning.test.ELTC_007@724af044]" name="tearDown" is-config="true" duration-ms="1888" started-at="2020-03-05T10:11:08Z" finished-at="2020-03-05T10:11:10Z">
          <reporter-output>
          </reporter-output>
        </test-method> <!-- tearDown -->
      </class> <!-- com.elearning.test.ELTC_007 -->
    </test> <!-- Default test -->
  </suite> <!-- Default suite -->
</testng-results>
