<?xml version="1.0" encoding="UTF-8"?>
<!-- Generated by org.testng.reporters.JUnitXMLReporter -->
<testsuite hostname="DESKTOP-3JCFK64" ignored="0" name="Default test" tests="4" failures="0" timestamp="19 Mar 2020 11:45:38 GMT" time="117.32" errors="0">
  <testcase name="loginDBTest" time="12.723" classname="com.elearning.test.ELTC_069"/>
  <testcase name="loginDBTest" time="13.017" classname="com.elearning.test.ELTC_069"/>
  <testcase name="loginDBTest" time="12.611" classname="com.elearning.test.ELTC_069"/>
  <testcase name="loginDBTest" time="12.475" classname="com.elearning.test.ELTC_069"/>
</testsuite> <!-- Default test -->
