<?xml version="1.0" encoding="UTF-8"?>
<!-- Generated by org.testng.reporters.JUnitXMLReporter -->
<testsuite hostname="DESKTOP-3JCFK64" ignored="0" name="Sample test" tests="1" failures="1" timestamp="04 Mar 2020 10:44:42 GMT" time="19.804" errors="0">
  <testcase name="validLoginTest" time="3.162" classname="com.elearning.test.ELTC_007">
    <failure type="java.lang.NullPointerException">
      <![CDATA[java.lang.NullPointerException
	at com.elearning.test.ELTC_007.validLoginTest(ELTC_007.java:59)
... Removed 25 stack frames]]>
    </failure>
  </testcase> <!-- validLoginTest -->
</testsuite> <!-- Sample test -->
